Building DAG of jobs...
Using shell: /usr/bin/bash
Provided cores: 4
Rules claiming more threads will be scaled down.
Job stats:
job             count    min threads    max threads
------------  -------  -------------  -------------
all                 1              1              1
make_heatmap        1              1              1
total               2              1              1

Select jobs to execute...

[Mon Oct 10 14:03:58 2022]
rule make_heatmap:
    input: data/gene_ex.csv
    output: result/heatmap.jpg
    jobid: 1
    reason: Missing output files: result/heatmap.jpg
    resources: tmpdir=/tmp

[Mon Oct 10 14:04:03 2022]
Finished job 1.
1 of 2 steps (50%) done
Select jobs to execute...

[Mon Oct 10 14:04:03 2022]
localrule all:
    input: result/heatmap.jpg
    jobid: 0
    reason: Input files updated by another job: result/heatmap.jpg
    resources: tmpdir=/tmp

[Mon Oct 10 14:04:03 2022]
Finished job 0.
2 of 2 steps (100%) done
Complete log: .snakemake/log/2022-10-10T140358.692551.snakemake.log
