Building DAG of jobs...
Using shell: /usr/bin/bash
Provided cores: 4
Rules claiming more threads will be scaled down.
Job stats:
job               count    min threads    max threads
--------------  -------  -------------  -------------
all                   1              1              1
make_histogram        1              1              1
total                 2              1              1

Select jobs to execute...

[Mon Oct 10 13:36:15 2022]
rule make_histogram:
    input: data/out.csv
    output: result/histogram.jpg
    jobid: 1
    reason: Missing output files: result/histogram.jpg
    resources: tmpdir=/tmp

[Mon Oct 10 13:36:15 2022]
Finished job 1.
1 of 2 steps (50%) done
Select jobs to execute...

[Mon Oct 10 13:36:15 2022]
localrule all:
    input: result/histogram.jpg
    jobid: 0
    reason: Input files updated by another job: result/histogram.jpg
    resources: tmpdir=/tmp

[Mon Oct 10 13:36:15 2022]
Finished job 0.
2 of 2 steps (100%) done
Complete log: .snakemake/log/2022-10-10T133615.619840.snakemake.log
