Building DAG of jobs...
Using shell: /usr/bin/bash
Provided cores: 4
Rules claiming more threads will be scaled down.
Job stats:
job               count    min threads    max threads
--------------  -------  -------------  -------------
bwa_map               3              1              1
samtools_index        3              1              1
samtools_sort         3              1              1
total                 9              1              1

Select jobs to execute...

[Sun Sep 25 14:08:30 2022]
Job 2: executing bwa mem on the following data/genome.fa data/samples/B.fastq to generate the following mapped_reads/B.bam
Reason: Missing output files: mapped_reads/B.bam


[Sun Sep 25 14:08:30 2022]
Job 5: executing bwa mem on the following data/genome.fa data/samples/C.fastq to generate the following mapped_reads/C.bam
Reason: Missing output files: mapped_reads/C.bam


[Sun Sep 25 14:08:30 2022]
Job 8: executing bwa mem on the following data/genome.fa data/samples/A.fastq to generate the following mapped_reads/A.bam
Reason: Missing output files: mapped_reads/A.bam

[Sun Sep 25 14:08:32 2022]
Finished job 8.
1 of 9 steps (11%) done
Select jobs to execute...

[Sun Sep 25 14:08:32 2022]
rule samtools_sort:
    input: mapped_reads/A.bam
    output: sorted_reads/A.bam
    jobid: 7
    reason: Missing output files: sorted_reads/A.bam; Input files updated by another job: mapped_reads/A.bam
    wildcards: sample=A
    resources: tmpdir=/tmp

[Sun Sep 25 14:08:32 2022]
Finished job 7.
2 of 9 steps (22%) done
Select jobs to execute...

[Sun Sep 25 14:08:32 2022]
rule samtools_index:
    input: sorted_reads/A.bam
    output: sorted_reads/A.bam.bai
    jobid: 6
    reason: Missing output files: sorted_reads/A.bam.bai; Input files updated by another job: sorted_reads/A.bam
    wildcards: sample=A
    resources: tmpdir=/tmp

[Sun Sep 25 14:08:32 2022]
Finished job 6.
3 of 9 steps (33%) done
[Sun Sep 25 14:08:32 2022]
Finished job 2.
4 of 9 steps (44%) done
Select jobs to execute...

[Sun Sep 25 14:08:32 2022]
rule samtools_sort:
    input: mapped_reads/B.bam
    output: sorted_reads/B.bam
    jobid: 1
    reason: Missing output files: sorted_reads/B.bam; Input files updated by another job: mapped_reads/B.bam
    wildcards: sample=B
    resources: tmpdir=/tmp

[Sun Sep 25 14:08:32 2022]
Finished job 5.
5 of 9 steps (56%) done
Select jobs to execute...

[Sun Sep 25 14:08:32 2022]
rule samtools_sort:
    input: mapped_reads/C.bam
    output: sorted_reads/C.bam
    jobid: 4
    reason: Missing output files: sorted_reads/C.bam; Input files updated by another job: mapped_reads/C.bam
    wildcards: sample=C
    resources: tmpdir=/tmp

[Sun Sep 25 14:08:32 2022]
Finished job 1.
6 of 9 steps (67%) done
Select jobs to execute...

[Sun Sep 25 14:08:32 2022]
rule samtools_index:
    input: sorted_reads/B.bam
    output: sorted_reads/B.bam.bai
    jobid: 0
    reason: Missing output files: sorted_reads/B.bam.bai; Input files updated by another job: sorted_reads/B.bam
    wildcards: sample=B
    resources: tmpdir=/tmp

[Sun Sep 25 14:08:32 2022]
Finished job 0.
7 of 9 steps (78%) done
[Sun Sep 25 14:08:32 2022]
Finished job 4.
8 of 9 steps (89%) done
Select jobs to execute...

[Sun Sep 25 14:08:32 2022]
rule samtools_index:
    input: sorted_reads/C.bam
    output: sorted_reads/C.bam.bai
    jobid: 3
    reason: Missing output files: sorted_reads/C.bam.bai; Input files updated by another job: sorted_reads/C.bam
    wildcards: sample=C
    resources: tmpdir=/tmp

[Sun Sep 25 14:08:32 2022]
Finished job 3.
9 of 9 steps (100%) done
Complete log: .snakemake/log/2022-09-25T140830.908433.snakemake.log
