Building DAG of jobs...
Using shell: /usr/bin/bash
Provided cores: 4
Rules claiming more threads will be scaled down.
Job stats:
job       count    min threads    max threads
------  -------  -------------  -------------
report        1              1              1
total         1              1              1

Select jobs to execute...

[Sun Sep 25 14:42:59 2022]
rule report:
    input: calls/all.vcf
    output: out.html
    jobid: 0
    reason: Missing output files: out.html
    resources: tmpdir=/tmp

[Sun Sep 25 14:42:59 2022]
Finished job 0.
1 of 1 steps (100%) done
Complete log: .snakemake/log/2022-09-25T144259.398910.snakemake.log
