Building DAG of jobs...
Using shell: /usr/bin/bash
Provided cores: 4
Rules claiming more threads will be scaled down.
Job stats:
job              count    min threads    max threads
-------------  -------  -------------  -------------
bwa_map              1              1              1
samtools_sort        1              1              1
total                2              1              1

Select jobs to execute...

[Sun Sep 25 14:04:02 2022]
Job 1: executing bwa mem on the following data/genome.fa data/samples/A.fastq to generate the following mapped_reads/A.bam
Reason: Missing output files: mapped_reads/A.bam

[Sun Sep 25 14:04:03 2022]
Finished job 1.
1 of 2 steps (50%) done
Select jobs to execute...

[Sun Sep 25 14:04:03 2022]
rule samtools_sort:
    input: mapped_reads/A.bam
    output: sorted_reads/A.bam
    jobid: 0
    reason: Missing output files: sorted_reads/A.bam; Input files updated by another job: mapped_reads/A.bam
    wildcards: sample=A
    resources: tmpdir=/tmp

[Sun Sep 25 14:04:03 2022]
Finished job 0.
2 of 2 steps (100%) done
Complete log: .snakemake/log/2022-09-25T140402.013748.snakemake.log
