Building DAG of jobs...
Using shell: /usr/bin/bash
Provided cores: 4
Rules claiming more threads will be scaled down.
Job stats:
job              count    min threads    max threads
-------------  -------  -------------  -------------
bwa_map              3              1              1
samtools_sort        3              1              1
total                6              1              1

Select jobs to execute...

[Sun Sep 25 14:05:28 2022]
Job 1: executing bwa mem on the following data/genome.fa data/samples/A.fastq to generate the following mapped_reads/A.bam
Reason: Missing output files: mapped_reads/A.bam


[Sun Sep 25 14:05:28 2022]
Job 3: executing bwa mem on the following data/genome.fa data/samples/C.fastq to generate the following mapped_reads/C.bam
Reason: Missing output files: mapped_reads/C.bam


[Sun Sep 25 14:05:28 2022]
Job 5: executing bwa mem on the following data/genome.fa data/samples/B.fastq to generate the following mapped_reads/B.bam
Reason: Missing output files: mapped_reads/B.bam

[Sun Sep 25 14:05:29 2022]
Finished job 3.
1 of 6 steps (17%) done
Select jobs to execute...

[Sun Sep 25 14:05:29 2022]
rule samtools_sort:
    input: mapped_reads/C.bam
    output: sorted_reads/C.bam
    jobid: 2
    reason: Missing output files: sorted_reads/C.bam; Input files updated by another job: mapped_reads/C.bam
    wildcards: sample=C
    resources: tmpdir=/tmp

[Sun Sep 25 14:05:29 2022]
Finished job 2.
2 of 6 steps (33%) done
[Sun Sep 25 14:05:29 2022]
Finished job 1.
3 of 6 steps (50%) done
Select jobs to execute...

[Sun Sep 25 14:05:29 2022]
rule samtools_sort:
    input: mapped_reads/A.bam
    output: sorted_reads/A.bam
    jobid: 0
    reason: Missing output files: sorted_reads/A.bam; Input files updated by another job: mapped_reads/A.bam
    wildcards: sample=A
    resources: tmpdir=/tmp

[Sun Sep 25 14:05:30 2022]
Finished job 5.
4 of 6 steps (67%) done
Select jobs to execute...

[Sun Sep 25 14:05:30 2022]
rule samtools_sort:
    input: mapped_reads/B.bam
    output: sorted_reads/B.bam
    jobid: 4
    reason: Missing output files: sorted_reads/B.bam; Input files updated by another job: mapped_reads/B.bam
    wildcards: sample=B
    resources: tmpdir=/tmp

[Sun Sep 25 14:05:30 2022]
Finished job 0.
5 of 6 steps (83%) done
[Sun Sep 25 14:05:30 2022]
Finished job 4.
6 of 6 steps (100%) done
Complete log: .snakemake/log/2022-09-25T140528.310594.snakemake.log
