Building DAG of jobs...
Using shell: /usr/bin/bash
Provided cores: 4
Rules claiming more threads will be scaled down.
Job stats:
job              count    min threads    max threads
-------------  -------  -------------  -------------
samtools_sort        1              1              1
total                1              1              1

Select jobs to execute...

[Sun Sep 25 13:57:45 2022]
rule samtools_sort:
    input: mapped_reads/A.bam
    output: sorted_reads/A.bam
    jobid: 0
    reason: Missing output files: sorted_reads/A.bam
    wildcards: sample=A
    resources: tmpdir=/tmp

[Sun Sep 25 13:57:45 2022]
Finished job 0.
1 of 1 steps (100%) done
Complete log: .snakemake/log/2022-09-25T135745.352766.snakemake.log
