Building DAG of jobs...
Using shell: /usr/bin/bash
Provided cores: 4
Rules claiming more threads will be scaled down.
Job stats:
job              count    min threads    max threads
-------------  -------  -------------  -------------
bcftools_call        1              1              1
total                1              1              1

Select jobs to execute...

[Sun Sep 25 14:36:19 2022]
rule bcftools_call:
    input: data/genome.fa, sorted_reads/A.bam, sorted_reads/B.bam, sorted_reads/C.bam, sorted_reads/A.bam.bai, sorted_reads/B.bam.bai, sorted_reads/C.bam.bai
    output: calls/all.vcf
    jobid: 0
    reason: Missing output files: calls/all.vcf
    resources: tmpdir=/tmp

[Sun Sep 25 14:36:20 2022]
Finished job 0.
1 of 1 steps (100%) done
Complete log: .snakemake/log/2022-09-25T143619.553599.snakemake.log
